2022.05.24 19:55:09 INFO  tracing is disabled for protocol LSP, to enable tracing of incoming and outgoing JSON messages create an empty file at /Users/anyarulina/otus-bats/.metals/lsp.trace.json or /Users/anyarulina/Library/Caches/org.scalameta.metals/lsp.trace.json[0m
2022.05.24 19:55:09 INFO  logging to file /Users/anyarulina/otus-bats/.metals/metals.log[0m
2022.05.24 19:55:09 INFO  Started: Metals version 0.11.5 in workspace '/Users/anyarulina/otus-bats' for client Visual Studio Code 1.67.2.[0m
2022.05.24 19:55:14 INFO  time: initialize in 4.92s[0m
2022.05.24 19:55:14 WARN  Flyway upgrade recommended: H2 2.1.212 is newer than this version of Flyway and support has not been tested. The latest supported version of H2 is 2.1.210.[0m
2022.05.24 19:55:14 WARN  Build server is not auto-connectable.[0m
2022.05.24 19:55:19 WARN  no build target for: /Users/anyarulina/otus-bats/src/main/scala/me.chuwy/otusbats/Example.scala[0m
May 24, 2022 7:55:20 PM org.eclipse.lsp4j.jsonrpc.RemoteEndpoint handleCancellation
WARNING: Unmatched cancel notification for request id 1
2022.05.24 19:55:26 INFO  no build target found for /Users/anyarulina/otus-bats/src/main/scala/me.chuwy/otusbats/Example.scala. Using presentation compiler with project's scala-library version: 3.1.2[0m
2022.05.24 19:55:26 WARN  no build target for: /Users/anyarulina/otus-bats/src/main/scala/me.chuwy/otusbats/Show.scala[0m
2022.05.24 19:55:27 WARN  no build target for: /Users/anyarulina/otus-bats/src/main/scala/me.chuwy/otusbats/Semigroup.scala[0m
2022.05.24 19:55:29 INFO  time: code lens generation in 1.66s[0m
2022.05.24 19:55:29 INFO  time: code lens generation in 3.45s[0m
2022.05.24 19:55:29 INFO  time: code lens generation in 9.86s[0m
2022.05.24 19:55:30 WARN  no build target for: /Users/anyarulina/otus-bats/src/main/scala/me.chuwy/otusbats/Order.scala[0m
2022.05.24 19:55:32 WARN  no build target for: /Users/anyarulina/otus-bats/src/main/scala/me.chuwy/otusbats/Monoid.scala[0m
2022.05.24 19:55:33 WARN  no build target for: /Users/anyarulina/otus-bats/src/main/scala/me.chuwy/otusbats/Monad.scala[0m
2022.05.24 19:55:34 WARN  no build target for: /Users/anyarulina/otus-bats/src/main/scala/me.chuwy/otusbats/Functor.scala[0m
2022.05.24 19:55:37 WARN  no build target for: /Users/anyarulina/otus-bats/src/main/scala/me.chuwy/otusbats/Example.scala[0m
2022.05.24 19:55:39 INFO  shutting down Metals[0m
2022.05.24 19:56:34 INFO  tracing is disabled for protocol LSP, to enable tracing of incoming and outgoing JSON messages create an empty file at /Users/anyarulina/otus-bats/.metals/lsp.trace.json or /Users/anyarulina/Library/Caches/org.scalameta.metals/lsp.trace.json[0m
2022.05.24 19:56:34 INFO  logging to file /Users/anyarulina/otus-bats/.metals/metals.log[0m
2022.05.24 19:56:34 INFO  Started: Metals version 0.11.5 in workspace '/Users/anyarulina/otus-bats' for client Visual Studio Code 1.67.2.[0m
2022.05.24 19:56:39 INFO  time: initialize in 4.71s[0m
2022.05.24 19:56:39 WARN  Flyway upgrade recommended: H2 2.1.212 is newer than this version of Flyway and support has not been tested. The latest supported version of H2 is 2.1.210.[0m
2022.05.24 19:56:39 WARN  Build server is not auto-connectable.[0m
2022.05.24 19:56:40 INFO  skipping build import with status 'Dismissed'[0m
2022.05.24 19:56:44 WARN  no build target for: /Users/anyarulina/otus-bats/src/main/scala/me.chuwy/otusbats/Monad.scala[0m
2022.05.24 19:56:50 INFO  no build target found for /Users/anyarulina/otus-bats/src/main/scala/me.chuwy/otusbats/Monad.scala. Using presentation compiler with project's scala-library version: 3.1.2[0m
2022.05.24 19:56:52 INFO  time: code lens generation in 8s[0m
2022.05.24 19:58:10 WARN  no build target for: /Users/anyarulina/otus-bats/build.sbt[0m
2022.05.24 19:58:10 WARN  no build target for: /Users/anyarulina/otus-bats/project/BuildSettings.scala[0m
2022.05.24 19:58:10 WARN  no build target for: /Users/anyarulina/otus-bats/project/Dependencies.scala[0m
2022.05.24 19:58:10 WARN  no build target for: /Users/anyarulina/otus-bats/project/plugins.sbt[0m
May 24, 2022 7:58:10 PM org.eclipse.lsp4j.jsonrpc.RemoteEndpoint fallbackResponseError
SEVERE: Internal error: java.lang.reflect.InvocationTargetException
java.lang.RuntimeException: java.lang.reflect.InvocationTargetException
	at org.eclipse.lsp4j.jsonrpc.services.GenericEndpoint.lambda$null$0(GenericEndpoint.java:67)
	at org.eclipse.lsp4j.jsonrpc.services.GenericEndpoint.request(GenericEndpoint.java:120)
	at org.eclipse.lsp4j.jsonrpc.RemoteEndpoint.handleRequest(RemoteEndpoint.java:261)
	at org.eclipse.lsp4j.jsonrpc.RemoteEndpoint.consume(RemoteEndpoint.java:190)
	at org.eclipse.lsp4j.jsonrpc.json.StreamMessageProducer.handleMessage(StreamMessageProducer.java:194)
	at org.eclipse.lsp4j.jsonrpc.json.StreamMessageProducer.listen(StreamMessageProducer.java:94)
	at org.eclipse.lsp4j.jsonrpc.json.ConcurrentMessageProcessor.run(ConcurrentMessageProcessor.java:113)
	at java.base/java.util.concurrent.Executors$RunnableAdapter.call(Executors.java:539)
	at java.base/java.util.concurrent.FutureTask.run(FutureTask.java:264)
	at java.base/java.util.concurrent.ThreadPoolExecutor.runWorker(ThreadPoolExecutor.java:1136)
	at java.base/java.util.concurrent.ThreadPoolExecutor$Worker.run(ThreadPoolExecutor.java:635)
	at java.base/java.lang.Thread.run(Thread.java:833)
Caused by: java.lang.reflect.InvocationTargetException
	at java.base/jdk.internal.reflect.NativeMethodAccessorImpl.invoke0(Native Method)
	at java.base/jdk.internal.reflect.NativeMethodAccessorImpl.invoke(NativeMethodAccessorImpl.java:77)
	at java.base/jdk.internal.reflect.DelegatingMethodAccessorImpl.invoke(DelegatingMethodAccessorImpl.java:43)
	at java.base/java.lang.reflect.Method.invoke(Method.java:568)
	at org.eclipse.lsp4j.jsonrpc.services.GenericEndpoint.lambda$null$0(GenericEndpoint.java:65)
	... 11 more
Caused by: java.lang.IllegalArgumentException: 30 is not a valid line number, allowed [0..13]
	at scala.meta.internal.inputs.InternalInput.lineToOffset(InternalInput.scala:37)
	at scala.meta.internal.inputs.InternalInput.lineToOffset$(InternalInput.scala:32)
	at scala.meta.inputs.Input$VirtualFile.lineToOffset(Input.scala:80)
	at scala.meta.inputs.Position$Range$.apply(Position.scala:59)
	at scala.meta.internal.mtags.MtagsEnrichments$XtensionPositionLspInverse.toMeta(MtagsEnrichments.scala:179)
	at scala.meta.internal.parsing.Trees.$anonfun$findLastEnclosingAt$4(Trees.scala:76)
	at scala.Option.flatMap(Option.scala:283)
	at scala.meta.internal.parsing.Trees.findLastEnclosingAt(Trees.scala:75)
	at scala.meta.internal.metals.codeactions.PatternMatchRefactor.contribute(PatternMatchRefactor.scala:96)
	at scala.meta.internal.metals.CodeActionProvider$$anonfun$1.applyOrElse(CodeActionProvider.scala:64)
	at scala.meta.internal.metals.CodeActionProvider$$anonfun$1.applyOrElse(CodeActionProvider.scala:63)
	at scala.collection.immutable.List.collect(List.scala:275)
	at scala.meta.internal.metals.CodeActionProvider.codeActions(CodeActionProvider.scala:63)
	at scala.meta.internal.metals.MetalsLanguageServer.$anonfun$codeAction$1(MetalsLanguageServer.scala:1639)
	at scala.meta.internal.metals.CancelTokens$.future(CancelTokens.scala:38)
	at scala.meta.internal.metals.MetalsLanguageServer.codeAction(MetalsLanguageServer.scala:1638)
	... 16 more

2022.05.24 19:58:22 INFO  shutting down Metals[0m
